<?xml version="1.0" encoding="UTF-8"?><testsuite errors="0" failures="0" name="com.bestbuy.ProductsTest" skipped="0" tests="5" time="8.07" timestamp="2022-06-07T13:40:02.729-07:00[America/Phoenix]"><testcase classname="com.bestbuy.ProductsTest" name="Get all products"/><testcase classname="com.bestbuy.ProductsTest" name="This will create a new product"/><testcase classname="com.bestbuy.ProductsTest" name="Test002"/><testcase classname="com.bestbuy.ProductsTest" name="Update the product information and verify updated information"/><testcase classname="com.bestbuy.ProductsTest" name="Delete the product information and verify updated information"/></testsuite>