<?xml version="1.0" encoding="UTF-8"?><testsuite errors="0" failures="0" name="com.bestbuy.StoreTest" skipped="0" tests="5" time="0.49" timestamp="2022-06-07T13:12:57.018-07:00[America/Phoenix]"><testcase classname="com.bestbuy.StoreTest" name="This will create a new store"/><testcase classname="com.bestbuy.StoreTest" name="Test002"/><testcase classname="com.bestbuy.StoreTest" name="Test003"/><testcase classname="com.bestbuy.StoreTest" name="Delete the store information and verify updated information"/><testcase classname="com.bestbuy.StoreTest" name="Get all stores"/></testsuite>