<?xml version="1.0" encoding="UTF-8"?><testsuite errors="0" failures="0" name="com.bestbuy.ServiceTest" skipped="0" tests="5" time="0.38" timestamp="2022-06-07T13:12:56.475-07:00[America/Phoenix]"><testcase classname="com.bestbuy.ServiceTest" name="This will craete a new services"/><testcase classname="com.bestbuy.ServiceTest" name="getting service information from id"/><testcase classname="com.bestbuy.ServiceTest" name="Update services by ID"/><testcase classname="com.bestbuy.ServiceTest" name="Delete the service information and verify updated information"/><testcase classname="com.bestbuy.ServiceTest" name="Total"/></testsuite>